#
# A fatal error has been detected by the Java Runtime Environment:
#
#  EXCEPTION_ACCESS_VIOLATION (0xc0000005) at pc=0x0000000068540552, pid=10100, tid=0x00000000000024dc
#
# JRE version: Java(TM) SE Runtime Environment (8.0_281-b09) (build 1.8.0_281-b09)
# Java VM: Java HotSpot(TM) 64-Bit Server VM (25.281-b09 mixed mode windows-amd64 compressed oops)
# Problematic frame:
# V  [jvm.dll+0x100552]
#
# Failed to write core dump. Minidumps are not enabled by default on client versions of Windows
#
# If you would like to submit a bug report, please visit:
#   http://bugreport.java.com/bugreport/crash.jsp
#

---------------  T H R E A D  ---------------

Current thread (0x000001be27656000):  VMThread [stack: 0x0000005e92500000,0x0000005e92600000] [id=9436]

siginfo: ExceptionCode=0xc0000005, reading address 0x000001be2bf53b70

Registers:
RAX=0x00000000001942a0, RBX=0x0000000000000001, RCX=0x000001be2bdbf8c0, RDX=0x000000000000ca15
RSP=0x0000005e925fee58, RBP=0x0000005e925ff3f0, RSI=0x0000005e925ff560, RDI=0x0000005e925ff560
R8 =0x0000000000000000, R9 =0x000001be2bdbeeb0, R10=0x000001be275330f0, R11=0x000001be2bdbebc5
R12=0x000000000000004e, R13=0x000001be0cc1eb20, R14=0x00000000000000b8, R15=0x0000000068440000
RIP=0x0000000068540552, EFLAGS=0x0000000000010206

Top of Stack: (sp=0x0000005e925fee58)
0x0000005e925fee58:   0000000068546830 000000076fbb0ae8
0x0000005e925fee68:   0000000000000000 0000005e925ff560
0x0000005e925fee78:   000000076fbb0c20 000000076fbb0c88
0x0000005e925fee88:   000000076fbb0cf0 0000000068a08118
0x0000005e925fee98:   000001be2a3cdd70 0000000000000026
0x0000005e925feea8:   000000070000000e 0000005e925feed0
0x0000005e925feeb8:   0000000700000002 0000000000000000
0x0000005e925feec8:   000000076fbb0fd8 4fffffff4fffffff
0x0000005e925feed8:   000000076fbb10c0 000000076fbb1130
0x0000005e925feee8:   000000076fbb1198 000000076fbb1230
0x0000005e925feef8:   000000076fbb1298 000000076fbb1300
0x0000005e925fef08:   000000076fbb1368 000000076fbb13d8
0x0000005e925fef18:   000000076fbb1450 000000076fbb14b8
0x0000005e925fef28:   000000076fbb1520 000000076fbb1588
0x0000005e925fef38:   000000076fbb15f0 000000076fbb1658
0x0000005e925fef48:   000000076fbb16c0 000000076fbb1728 

Instructions: (pc=0x0000000068540552)
0x0000000068540532:   10 0f b7 c8 41 0f bf 44 c9 52 0f b7 c8 41 0f b7
0x0000000068540542:   44 c9 52 49 8b 44 c1 50 c3 48 63 c2 48 c1 e0 05
0x0000000068540552:   48 8b 44 08 10 0f b7 d0 eb 10 49 8b 41 08 48 63
0x0000000068540562:   ca 0f b6 44 08 04 3c 12 74 ca 48 63 c2 41 0f bf 


Register to memory mapping:

RAX=0x00000000001942a0 is an unknown value
RBX=0x0000000000000001 is an unknown value
RCX=0x000001be2bdbf8c0 is pointing into metadata
RDX=0x000000000000ca15 is an unknown value
RSP=0x0000005e925fee58 is an unknown value
RBP=0x0000005e925ff3f0 is an unknown value
RSI=0x0000005e925ff560 is an unknown value
RDI=0x0000005e925ff560 is an unknown value
R8 =0x0000000000000000 is an unknown value
R9 =0x000001be2bdbeeb0 is pointing into metadata
R10=0x000001be275330f0 is an unknown value
R11=0x000001be2bdbebc5 is pointing into metadata
R12=0x000000000000004e is an unknown value
R13=0x000001be0cc1eb20 is an unknown value
R14=0x00000000000000b8 is an unknown value
R15=0x0000000068440000 is an unknown value


Stack: [0x0000005e92500000,0x0000005e92600000],  sp=0x0000005e925fee58,  free space=1019k
Native frames: (J=compiled Java code, j=interpreted, Vv=VM code, C=native code)
V  [jvm.dll+0x100552]

VM_Operation (0x0000005e92aff360): GetOrSetLocal, mode: safepoint, requested by thread 0x000001be27718000


---------------  P R O C E S S  ---------------

Java Threads: ( => current thread )
  0x000001be29f72800 JavaThread "ReaderThread" [_thread_in_native, id=10300, stack(0x0000005e93400000,0x0000005e93500000)]
  0x000001be298e2800 JavaThread "Service Thread" daemon [_thread_blocked, id=2552, stack(0x0000005e93100000,0x0000005e93200000)]
  0x000001be2772e000 JavaThread "C1 CompilerThread3" daemon [_thread_blocked, id=6432, stack(0x0000005e93000000,0x0000005e93100000)]
  0x000001be2772d800 JavaThread "C2 CompilerThread2" daemon [_thread_blocked, id=10476, stack(0x0000005e92f00000,0x0000005e93000000)]
  0x000001be2772c800 JavaThread "C2 CompilerThread1" daemon [_thread_blocked, id=6284, stack(0x0000005e92e00000,0x0000005e92f00000)]
  0x000001be27729000 JavaThread "C2 CompilerThread0" daemon [_thread_blocked, id=3652, stack(0x0000005e92d00000,0x0000005e92e00000)]
  0x000001be27720800 JavaThread "JDWP Command Reader" daemon [_thread_in_native, id=11908, stack(0x0000005e92c00000,0x0000005e92d00000)]
  0x000001be2771f800 JavaThread "JDWP Event Helper Thread" daemon [_thread_blocked, id=13140, stack(0x0000005e92b00000,0x0000005e92c00000)]
  0x000001be27718000 JavaThread "JDWP Transport Listener: dt_socket" daemon [_thread_blocked, id=11092, stack(0x0000005e92a00000,0x0000005e92b00000)]
  0x000001be276f2800 JavaThread "Attach Listener" daemon [_thread_blocked, id=5944, stack(0x0000005e92900000,0x0000005e92a00000)]
  0x000001be276a4000 JavaThread "Signal Dispatcher" daemon [_thread_blocked, id=4680, stack(0x0000005e92800000,0x0000005e92900000)]
  0x000001be27688800 JavaThread "Finalizer" daemon [_thread_blocked, id=3620, stack(0x0000005e92700000,0x0000005e92800000)]
  0x000001be27661000 JavaThread "Reference Handler" daemon [_thread_blocked, id=12908, stack(0x0000005e92600000,0x0000005e92700000)]
  0x000001be0cb74000 JavaThread "main" [_thread_blocked, id=2348, stack(0x0000005e91c00000,0x0000005e91d00000)]

Other Threads:
=>0x000001be27656000 VMThread [stack: 0x0000005e92500000,0x0000005e92600000] [id=9436]
  0x000001be29903000 WatcherThread [stack: 0x0000005e93200000,0x0000005e93300000] [id=3508]

VM state:at safepoint (normal execution)

VM Mutex/Monitor currently owned by a thread:  ([mutex/lock_event])
[0x000001be0cb70f10] Threads_lock - owner thread: 0x000001be27656000

heap address: 0x00000006c3200000, size: 4046 MB, Compressed Oops mode: Zero based, Oop shift amount: 3
Narrow klass base: 0x0000000000000000, Narrow klass shift: 3
Compressed class space size: 1073741824 Address: 0x00000007c0000000

Heap:
 PSYoungGen      total 75776K, used 25710K [0x000000076bb80000, 0x0000000771000000, 0x00000007c0000000)
  eden space 65024K, 23% used [0x000000076bb80000,0x000000076ca86598,0x000000076fb00000)
  from space 10752K, 96% used [0x000000076fb00000,0x00000007705154d0,0x0000000770580000)
  to   space 10752K, 0% used [0x0000000770580000,0x0000000770580000,0x0000000771000000)
 ParOldGen       total 173568K, used 96K [0x00000006c3200000, 0x00000006cdb80000, 0x000000076bb80000)
  object space 173568K, 0% used [0x00000006c3200000,0x00000006c3218010,0x00000006cdb80000)
 Metaspace       used 19243K, capacity 19880K, committed 20096K, reserved 1067008K
  class space    used 2401K, capacity 2564K, committed 2688K, reserved 1048576K

Card table byte_map: [0x000001be1d890000,0x000001be1e080000] byte_map_base: 0x000001be1a277000

Marking Bits: (ParMarkBitMap*) 0x0000000068c26ff0
 Begin Bits: [0x000001be1e5d0000, 0x000001be22508000)
 End Bits:   [0x000001be22508000, 0x000001be26440000)

Polling page: 0x000001be0cc30000

CodeCache: size=245760Kb used=6093Kb max_used=6110Kb free=239666Kb
 bounds [0x000001be0e4d0000, 0x000001be0ead0000, 0x000001be1d4d0000]
 total_blobs=2141 nmethods=1711 adapters=350
 compilation: enabled

Compilation events (10 events):
Event: 370.388 Thread 0x000001be2772e000 1735       3       java.lang.Class::isAnonymousClass (10 bytes)
Event: 370.388 Thread 0x000001be2772e000 nmethod 1735 0x000001be0e5f2f10 code [0x000001be0e5f3080, 0x000001be0e5f3360]
Event: 370.388 Thread 0x000001be2772e000 1736       3       java.lang.reflect.AccessibleObject::setAccessible (21 bytes)
Event: 370.388 Thread 0x000001be2772e000 nmethod 1736 0x000001be0e642f50 code [0x000001be0e6430e0, 0x000001be0e643440]
Event: 370.388 Thread 0x000001be2772e000 1738       3       java.nio.CharBuffer::hasArray (20 bytes)
Event: 370.388 Thread 0x000001be2772e000 nmethod 1738 0x000001be0e642b90 code [0x000001be0e642ce0, 0x000001be0e642ed8]
Event: 370.388 Thread 0x000001be2772e000 1739       3       java.nio.charset.CoderResult::isOverflow (14 bytes)
Event: 370.388 Thread 0x000001be2772e000 nmethod 1739 0x000001be0e63e790 code [0x000001be0e63e8e0, 0x000001be0e63ea98]
Event: 370.404 Thread 0x000001be2772c800 nmethod 1728 0x000001be0eac9250 code [0x000001be0eac9480, 0x000001be0eacac70]
Event: 370.406 Thread 0x000001be2772d800 nmethod 1732 0x000001be0eacbcd0 code [0x000001be0eacbf00, 0x000001be0eacd690]

GC Heap History (2 events):
Event: 43.415 GC heap before
{Heap before GC invocations=1 (full 0):
 PSYoungGen      total 75776K, used 65024K [0x000000076bb80000, 0x0000000771000000, 0x00000007c0000000)
  eden space 65024K, 100% used [0x000000076bb80000,0x000000076fb00000,0x000000076fb00000)
  from space 10752K, 0% used [0x0000000770580000,0x0000000770580000,0x0000000771000000)
  to   space 10752K, 0% used [0x000000076fb00000,0x000000076fb00000,0x0000000770580000)
 ParOldGen       total 173568K, used 0K [0x00000006c3200000, 0x00000006cdb80000, 0x000000076bb80000)
  object space 173568K, 0% used [0x00000006c3200000,0x00000006c3200000,0x00000006cdb80000)
 Metaspace       used 17644K, capacity 18188K, committed 18304K, reserved 1064960K
  class space    used 2187K, capacity 2348K, committed 2432K, reserved 1048576K
Event: 43.422 GC heap after
Heap after GC invocations=1 (full 0):
 PSYoungGen      total 75776K, used 10325K [0x000000076bb80000, 0x0000000771000000, 0x00000007c0000000)
  eden space 65024K, 0% used [0x000000076bb80000,0x000000076bb80000,0x000000076fb00000)
  from space 10752K, 96% used [0x000000076fb00000,0x00000007705154d0,0x0000000770580000)
  to   space 10752K, 0% used [0x0000000770580000,0x0000000770580000,0x0000000771000000)
 ParOldGen       total 173568K, used 96K [0x00000006c3200000, 0x00000006cdb80000, 0x000000076bb80000)
  object space 173568K, 0% used [0x00000006c3200000,0x00000006c3218010,0x00000006cdb80000)
 Metaspace       used 17644K, capacity 18188K, committed 18304K, reserved 1064960K
  class space    used 2187K, capacity 2348K, committed 2432K, reserved 1048576K
}

Deoptimization events (10 events):
Event: 43.353 Thread 0x000001be0cb74000 Uncommon trap: reason=range_check action=none pc=0x000001be0e9ef5a4 method=sun.reflect.generics.parser.SignatureParser.current()C @ 34
Event: 43.353 Thread 0x000001be0cb74000 Uncommon trap: reason=range_check action=none pc=0x000001be0e9ef5a4 method=sun.reflect.generics.parser.SignatureParser.current()C @ 34
Event: 43.410 Thread 0x000001be0cb74000 Uncommon trap: reason=unstable_if action=reinterpret pc=0x000001be0ea5ba2c method=jdk.internal.org.objectweb.asm.Type.getArgumentsAndReturnSizes(Ljava/lang/String;)I @ 88
Event: 43.423 Thread 0x000001be2984c800 Uncommon trap: reason=unstable_if action=reinterpret pc=0x000001be0e9f41c8 method=java.util.concurrent.ConcurrentHashMap.get(Ljava/lang/Object;)Ljava/lang/Object; @ 76
Event: 43.478 Thread 0x000001be0cb74000 Uncommon trap: reason=unstable_if action=reinterpret pc=0x000001be0e97d838 method=java.util.regex.Pattern$BmpCharProperty.match(Ljava/util/regex/Matcher;ILjava/lang/CharSequence;)Z @ 34
Event: 43.488 Thread 0x000001be0cb74000 Uncommon trap: reason=class_check action=maybe_recompile pc=0x000001be0e74ecdc method=java.util.regex.Pattern$Curly.match(Ljava/util/regex/Matcher;ILjava/lang/CharSequence;)Z @ 19
Event: 43.488 Thread 0x000001be0cb74000 Uncommon trap: reason=class_check action=maybe_recompile pc=0x000001be0e74ecdc method=java.util.regex.Pattern$Curly.match(Ljava/util/regex/Matcher;ILjava/lang/CharSequence;)Z @ 19
Event: 43.488 Thread 0x000001be0cb74000 Uncommon trap: reason=class_check action=maybe_recompile pc=0x000001be0e74ecdc method=java.util.regex.Pattern$Curly.match(Ljava/util/regex/Matcher;ILjava/lang/CharSequence;)Z @ 19
Event: 43.488 Thread 0x000001be0cb74000 Uncommon trap: reason=class_check action=maybe_recompile pc=0x000001be0e74ecdc method=java.util.regex.Pattern$Curly.match(Ljava/util/regex/Matcher;ILjava/lang/CharSequence;)Z @ 19
Event: 370.386 Thread 0x000001be0cb74000 Uncommon trap: reason=bimorphic action=maybe_recompile pc=0x000001be0eac2ef8 method=java.util.concurrent.ConcurrentHashMap.putVal(Ljava/lang/Object;Ljava/lang/Object;Z)Ljava/lang/Object; @ 192

Classes redefined (8 events):
Event: 139.767 Thread 0x000001be27656000 redefined class name=test.TodoistTest, count=1
Event: 414.594 Thread 0x000001be27656000 redefined class name=test.TodoistTest, count=2
Event: 686.724 Thread 0x000001be27656000 redefined class name=test.TodoistTest, count=3
Event: 2340.409 Thread 0x000001be27656000 redefined class name=test.TodoistTest, count=4
Event: 3163.328 Thread 0x000001be27656000 redefined class name=test.TodoistTest, count=5
Event: 3646.410 Thread 0x000001be27656000 redefined class name=test.TodoistTest, count=6
Event: 3663.148 Thread 0x000001be27656000 redefined class name=test.TodoistTest, count=7
Event: 3899.430 Thread 0x000001be27656000 redefined class name=test.TodoistTest, count=8

Internal exceptions (10 events):
Event: 13.994 Thread 0x000001be0cb74000 Exception <a 'java/lang/ArrayIndexOutOfBoundsException': 65> (0x000000076e5fa228) thrown at [C:\jenkins\workspace\8-2-build-windows-amd64-cygwin\jdk8u281\880\hotspot\src\share\vm\interpreter\interpreterRuntime.cpp, line 371]
Event: 13.994 Thread 0x000001be0cb74000 Exception <a 'java/lang/ArrayIndexOutOfBoundsException': 60> (0x000000076e5ffb20) thrown at [C:\jenkins\workspace\8-2-build-windows-amd64-cygwin\jdk8u281\880\hotspot\src\share\vm\interpreter\interpreterRuntime.cpp, line 371]
Event: 43.346 Thread 0x000001be0cb74000 Exception <a 'java/lang/IncompatibleClassChangeError': Found class java.lang.Object, but interface was expected> (0x000000076f300a70) thrown at [C:\jenkins\workspace\8-2-build-windows-amd64-cygwin\jdk8u281\880\hotspot\src\share\vm\interpreter\linkResolver
Event: 43.348 Thread 0x000001be0cb74000 Exception <a 'java/lang/NoSuchMethodError': java.lang.Object.lambda$or$2(Ljava/util/function/Predicate;Ljava/lang/Object;)Z> (0x000000076f30e958) thrown at [C:\jenkins\workspace\8-2-build-windows-amd64-cygwin\jdk8u281\880\hotspot\src\share\vm\interpreter\
Event: 43.353 Thread 0x000001be0cb74000 Exception <a 'java/lang/ArrayIndexOutOfBoundsException': 110> (0x000000076f37ebc8) thrown at [C:\jenkins\workspace\8-2-build-windows-amd64-cygwin\jdk8u281\880\hotspot\src\share\vm\interpreter\interpreterRuntime.cpp, line 371]
Event: 43.353 Thread 0x000001be0cb74000 Exception <a 'java/lang/ArrayIndexOutOfBoundsException': 88> (0x000000076f3802f0) thrown at [C:\jenkins\workspace\8-2-build-windows-amd64-cygwin\jdk8u281\880\hotspot\src\share\vm\interpreter\interpreterRuntime.cpp, line 371]
Event: 43.353 Thread 0x000001be0cb74000 Exception <a 'java/lang/ArrayIndexOutOfBoundsException': 92> (0x000000076f386f30) thrown at [C:\jenkins\workspace\8-2-build-windows-amd64-cygwin\jdk8u281\880\hotspot\src\share\vm\interpreter\interpreterRuntime.cpp, line 371]
Event: 43.353 Thread 0x000001be0cb74000 Exception <a 'java/lang/ArrayIndexOutOfBoundsException': 57> (0x000000076f38d468) thrown at [C:\jenkins\workspace\8-2-build-windows-amd64-cygwin\jdk8u281\880\hotspot\src\share\vm\interpreter\interpreterRuntime.cpp, line 371]
Event: 43.380 Thread 0x000001be0cb74000 Exception <a 'java/lang/NoSuchMethodError': java.lang.Object.lambda$chars$0()Ljava/util/Spliterator$OfInt;> (0x000000076f5f4af8) thrown at [C:\jenkins\workspace\8-2-build-windows-amd64-cygwin\jdk8u281\880\hotspot\src\share\vm\interpreter\linkResolver.cpp,
Event: 370.371 Thread 0x000001be0cb74000 Exception <a 'java/lang/reflect/InvocationTargetException'> (0x000000076c8c78f0) thrown at [C:\jenkins\workspace\8-2-build-windows-amd64-cygwin\jdk8u281\880\hotspot\src\share\vm\runtime\reflection.cpp, line 1092]

Events (10 events):
Event: 3899.462 Executing VM operation: ChangeBreakpoints done
Event: 3899.938 Executing VM operation: GetCurrentContendedMonitor
Event: 3899.938 Executing VM operation: GetCurrentContendedMonitor done
Event: 3899.938 Executing VM operation: GetOwnedMonitorInfo
Event: 3899.938 Executing VM operation: GetOwnedMonitorInfo done
Event: 3935.597 Executing VM operation: GetCurrentContendedMonitor
Event: 3935.597 Executing VM operation: GetCurrentContendedMonitor done
Event: 3935.598 Executing VM operation: GetOwnedMonitorInfo
Event: 3935.598 Executing VM operation: GetOwnedMonitorInfo done
Event: 3936.447 Executing VM operation: GetOrSetLocal


Dynamic libraries:
0x00007ff70c6e0000 - 0x00007ff70c727000 	C:\Program Files\Java\jre1.8.0_281\bin\javaw.exe
0x00007ffe4c0e0000 - 0x00007ffe4c2d0000 	C:\Windows\SYSTEM32\ntdll.dll
0x00007ffe4bfe0000 - 0x00007ffe4c092000 	C:\Windows\System32\KERNEL32.DLL
0x00007ffe49390000 - 0x00007ffe49635000 	C:\Windows\System32\KERNELBASE.dll
0x00007ffe4b0f0000 - 0x00007ffe4b193000 	C:\Windows\System32\ADVAPI32.dll
0x00007ffe4b220000 - 0x00007ffe4b2be000 	C:\Windows\System32\msvcrt.dll
0x00007ffe4afa0000 - 0x00007ffe4b037000 	C:\Windows\System32\sechost.dll
0x00007ffe4b760000 - 0x00007ffe4b87f000 	C:\Windows\System32\RPCRT4.dll
0x00007ffe4bd60000 - 0x00007ffe4bef4000 	C:\Windows\System32\USER32.dll
0x00007ffe4a060000 - 0x00007ffe4a081000 	C:\Windows\System32\win32u.dll
0x00007ffe4b2c0000 - 0x00007ffe4b2e6000 	C:\Windows\System32\GDI32.dll
0x00007ffe49050000 - 0x00007ffe491e8000 	C:\Windows\System32\gdi32full.dll
0x00007ffe492f0000 - 0x00007ffe4938e000 	C:\Windows\System32\msvcp_win.dll
0x00007ffe4a090000 - 0x00007ffe4a18a000 	C:\Windows\System32\ucrtbase.dll
0x00007ffe25000000 - 0x00007ffe25284000 	C:\Windows\WinSxS\amd64_microsoft.windows.common-controls_6595b64144ccf1df_6.0.18362.1440_none_9e7dbfb9e45e8e67\COMCTL32.dll
0x00007ffe4b880000 - 0x00007ffe4bbb6000 	C:\Windows\System32\combase.dll
0x00007ffe49640000 - 0x00007ffe496c1000 	C:\Windows\System32\bcryptPrimitives.dll
0x00007ffe4a420000 - 0x00007ffe4a44e000 	C:\Windows\System32\IMM32.DLL
0x00007ffe2a6d0000 - 0x00007ffe2a6e5000 	C:\Program Files\Java\jre1.8.0_281\bin\vcruntime140.dll
0x00007ffe0e790000 - 0x00007ffe0e82b000 	C:\Program Files\Java\jre1.8.0_281\bin\msvcp140.dll
0x0000000068440000 - 0x0000000068c9f000 	C:\Program Files\Java\jre1.8.0_281\bin\server\jvm.dll
0x00007ffe4a7e0000 - 0x00007ffe4a7e8000 	C:\Windows\System32\PSAPI.DLL
0x00007ffe24930000 - 0x00007ffe24939000 	C:\Windows\SYSTEM32\WSOCK32.dll
0x00007ffe4b1a0000 - 0x00007ffe4b20f000 	C:\Windows\System32\WS2_32.dll
0x00007ffe37e30000 - 0x00007ffe37e3a000 	C:\Windows\SYSTEM32\VERSION.dll
0x00007ffe41e00000 - 0x00007ffe41e24000 	C:\Windows\SYSTEM32\WINMM.dll
0x00007ffe41dd0000 - 0x00007ffe41dfd000 	C:\Windows\SYSTEM32\winmmbase.dll
0x00007ffe491f0000 - 0x00007ffe4923a000 	C:\Windows\System32\cfgmgr32.dll
0x00007ffe48ff0000 - 0x00007ffe49001000 	C:\Windows\System32\kernel.appcore.dll
0x00007ffe2a6c0000 - 0x00007ffe2a6d0000 	C:\Program Files\Java\jre1.8.0_281\bin\verify.dll
0x00007ffe2a690000 - 0x00007ffe2a6bb000 	C:\Program Files\Java\jre1.8.0_281\bin\java.dll
0x00007ffe3e300000 - 0x00007ffe3e336000 	C:\Program Files\Java\jre1.8.0_281\bin\jdwp.dll
0x00007ffe3e2f0000 - 0x00007ffe3e2f9000 	C:\Program Files\Java\jre1.8.0_281\bin\npt.dll
0x00007ffe2a670000 - 0x00007ffe2a688000 	C:\Program Files\Java\jre1.8.0_281\bin\zip.dll
0x00007ffe4a8b0000 - 0x00007ffe4af98000 	C:\Windows\System32\SHELL32.dll
0x00007ffe4a7f0000 - 0x00007ffe4a897000 	C:\Windows\System32\shcore.dll
0x00007ffe498e0000 - 0x00007ffe4a05b000 	C:\Windows\System32\windows.storage.dll
0x00007ffe49030000 - 0x00007ffe4904e000 	C:\Windows\System32\profapi.dll
0x00007ffe48fa0000 - 0x00007ffe48fea000 	C:\Windows\System32\powrprof.dll
0x00007ffe48f90000 - 0x00007ffe48fa0000 	C:\Windows\System32\UMPDC.dll
0x00007ffe4a190000 - 0x00007ffe4a1e2000 	C:\Windows\System32\shlwapi.dll
0x00007ffe498c0000 - 0x00007ffe498d7000 	C:\Windows\System32\cryptsp.dll
0x00007ffe3e2e0000 - 0x00007ffe3e2ea000 	C:\Program Files\Java\jre1.8.0_281\bin\dt_socket.dll
0x00007ffe385a0000 - 0x00007ffe385b6000 	C:\Windows\system32\napinsp.dll
0x00007ffe38580000 - 0x00007ffe3859a000 	C:\Windows\system32\pnrpnsp.dll
0x00007ffe487d0000 - 0x00007ffe48837000 	C:\Windows\System32\mswsock.dll
0x00007ffe48520000 - 0x00007ffe485eb000 	C:\Windows\SYSTEM32\DNSAPI.dll
0x00007ffe4a8a0000 - 0x00007ffe4a8a8000 	C:\Windows\System32\NSI.dll
0x00007ffe484e0000 - 0x00007ffe4851a000 	C:\Windows\SYSTEM32\IPHLPAPI.DLL
0x00007ffe3f390000 - 0x00007ffe3f39e000 	C:\Windows\System32\winrnr.dll
0x00007ffe41960000 - 0x00007ffe4197c000 	C:\Windows\system32\NLAapi.dll
0x00007ffe40790000 - 0x00007ffe407a5000 	C:\Windows\system32\wshbth.dll
0x00007ffe37e40000 - 0x00007ffe37eb7000 	C:\Windows\System32\fwpuclnt.dll
0x00007ffe49830000 - 0x00007ffe49856000 	C:\Windows\System32\bcrypt.dll
0x00007ffe3cf50000 - 0x00007ffe3cf5a000 	C:\Windows\System32\rasadhlp.dll
0x00007ffe28520000 - 0x00007ffe2853c000 	C:\Program Files\Java\jre1.8.0_281\bin\net.dll
0x00007ffe24800000 - 0x00007ffe24824000 	C:\Program Files\Java\jre1.8.0_281\bin\sunec.dll
0x00007ffe3d170000 - 0x00007ffe3d186000 	C:\Windows\SYSTEM32\dhcpcsvc6.DLL
0x00007ffe3cf60000 - 0x00007ffe3cf7c000 	C:\Windows\SYSTEM32\dhcpcsvc.DLL
0x00007ffe26060000 - 0x00007ffe26073000 	C:\Program Files\Java\jre1.8.0_281\bin\nio.dll
0x00007ffe48350000 - 0x00007ffe48383000 	C:\Windows\system32\rsaenh.dll
0x00007ffe48eb0000 - 0x00007ffe48ed5000 	C:\Windows\SYSTEM32\USERENV.dll
0x00007ffe489a0000 - 0x00007ffe489ac000 	C:\Windows\SYSTEM32\CRYPTBASE.dll
0x00007ffe2a5f0000 - 0x00007ffe2a5fd000 	C:\Program Files\Java\jre1.8.0_281\bin\sunmscapi.dll
0x00007ffe496d0000 - 0x00007ffe49821000 	C:\Windows\System32\CRYPT32.dll
0x00007ffe49010000 - 0x00007ffe49022000 	C:\Windows\System32\MSASN1.dll
0x00007ffe48aa0000 - 0x00007ffe48ac6000 	C:\Windows\SYSTEM32\ncrypt.dll
0x00007ffe48a60000 - 0x00007ffe48a9b000 	C:\Windows\SYSTEM32\NTASN1.dll
0x00007ffe476c0000 - 0x00007ffe478b4000 	C:\Windows\SYSTEM32\dbghelp.dll

VM Arguments:
jvm_args: -agentlib:jdwp=transport=dt_socket,suspend=y,address=localhost:55792 -ea -Dfile.encoding=Cp1258 
java_command: org.testng.remote.RemoteTestNG -serport 55791 -protocol json -d F:\Test\TodoistTest\test-output C:\Users\User\AppData\Local\Temp\testng-eclipse--1796448401\testng-customsuite.xml
java_class_path (initial): C:\Users\User\eclipse\java-2021-032\eclipse\configuration\org.eclipse.osgi\442\0\.cp\lib\testng-remote.jar;F:\Test\TodoistTest\target\test-classes;F:\Test\TodoistTest\target\classes;C:\Users\User\.m2\repository\org\testng\testng\6.14.3\testng-6.14.3.jar;C:\Users\User\.m2\repository\com\beust\jcommander\1.72\jcommander-1.72.jar;C:\Users\User\.m2\repository\org\apache-extras\beanshell\bsh\2.0b6\bsh-2.0b6.jar;C:\Users\User\.m2\repository\io\rest-assured\rest-assured\4.3.0\rest-assured-4.3.0.jar;C:\Users\User\.m2\repository\org\codehaus\groovy\groovy\3.0.2\groovy-3.0.2.jar;C:\Users\User\.m2\repository\org\codehaus\groovy\groovy-xml\3.0.2\groovy-xml-3.0.2.jar;C:\Users\User\.m2\repository\org\apache\httpcomponents\httpclient\4.5.3\httpclient-4.5.3.jar;C:\Users\User\.m2\repository\org\apache\httpcomponents\httpcore\4.4.6\httpcore-4.4.6.jar;C:\Users\User\.m2\repository\commons-logging\commons-logging\1.2\commons-logging-1.2.jar;C:\Users\User\.m2\repository\org\apache\httpcomponents\httpmime\4.5.3\httpmime-4.5.3.jar;C:\Users\User\.m2\repository\org\hamcrest\hamcrest\2.1\hamcrest-2.1.jar;C:\Users\User\.m2\repository\org\ccil\cowan\tagsoup\tagsoup\1.2.1\tagsoup-1.2.1.jar;C:\Users\User\.m2\repository\io\rest-assured\xml-path\4.3.0\xml-path-4.3.0.jar;C:\Users\User\.m2\repository\jakarta\xml\bind\jakarta.xml.bind-api\2.3.2\jakarta.xml.bind-api-2.3.2.jar;C:\Users\User\.m2\repository\jakarta\activation\jakarta.activation-api\1.2.1\jakarta.activation-api-1.2.1.jar;C:\Users\User\.m2\repository\com\sun\xml\bind\jaxb-osgi\2.3.0.1\jaxb-osgi-2.3.0.1.jar;C:\Users\User\.m2\repository\org\apache\sling\org.apache.sling.javax.activation\0.1.0\org.apache.sling.javax.activation-0.1.0.jar;C:\Users\User\.m2\repository\javax\activation\activation\1.1.1\activation-1.1.1.jar;C:\Users\User\.m2\repository\org\seleniumhq\selenium\selenium-java\3.141.59\selenium-java-3.141.59.jar;C:\Users\User\.m2\repository\org\seleniumhq\selenium\selenium-api\3.141.59\selenium-api-3.141.59
Launcher Type: SUN_STANDARD

Environment Variables:
JAVA_HOME=C:\Program Files\Java\jdk-16
PATH=C:\Program Files (x86)\Common Files\Oracle\Java\javapath;C:\Program Files\Common Files\Oracle\Java\javapath;C:\Windows\system32;C:\Windows;C:\Windows\System32\Wbem;C:\Windows\System32\WindowsPowerShell\v1.0\;C:\Windows\System32\OpenSSH\;C:\Program Files (x86)\Intel\Intel(R) Management Engine Components\DAL;C:\Program Files\Intel\Intel(R) Management Engine Components\DAL;C:\Program Files\Git\cmd;C:\Program Files\Java\jdk-16\bin;C:\Users\User\AppData\Local\Android\Sdk\tools;C:\Users\User\AppData\Local\Android\Sdk\platform-tools;C:\Program Files\nodejs\;C:\Users\User\AppData\Local\Microsoft\WindowsApps;C:\Users\User\AppData\Roaming\npm
USERNAME=User
OS=Windows_NT
PROCESSOR_IDENTIFIER=Intel64 Family 6 Model 140 Stepping 1, GenuineIntel



---------------  S Y S T E M  ---------------

OS: Windows 10.0 , 64 bit Build 18362 (10.0.18362.1350)

CPU:total 8 (initial active 8) (4 cores per cpu, 2 threads per core) family 6 model 140 stepping 1, cmov, cx8, fxsr, mmx, sse, sse2, sse3, ssse3, sse4.1, sse4.2, popcnt, avx, avx2, aes, clmul, erms, 3dnowpref, lzcnt, ht, tsc, tscinvbit, bmi1, bmi2, adx

Memory: 4k page, physical 16571704k(1003556k free), swap 32300344k(11000976k free)

vm_info: Java HotSpot(TM) 64-Bit Server VM (25.281-b09) for windows-amd64 JRE (1.8.0_281-b09), built on Dec  9 2020 13:54:07 by "" with MS VC++ 15.9 (VS2017)

time: Fri Apr  9 10:31:02 2021
timezone: SE Asia Standard Time
elapsed time: 3936.478836 seconds (0d 1h 5m 36s)

